POST:
Array
(
    [action] => debug_save_weekends
    [data] => {\"user_11\":{\"monday\":0,\"tuesday\":0,\"wednesday\":0,\"thursday\":0,\"friday\":0,\"saturday\":0,\"sunday\":0},\"user_12\":{\"monday\":0,\"tuesday\":0,\"wednesday\":0,\"thursday\":0,\"friday\":0,\"saturday\":0,\"sunday\":0},\"user_2\":{\"monday\":1,\"tuesday\":1,\"wednesday\":1,\"thursday\":1,\"friday\":0,\"saturday\":0,\"sunday\":0},\"user_20\":{\"monday\":0,\"tuesday\":0,\"wednesday\":0,\"thursday\":0,\"friday\":0,\"saturday\":0,\"sunday\":0},\"user_3\":{\"monday\":0,\"tuesday\":0,\"wednesday\":0,\"thursday\":0,\"friday\":0,\"saturday\":0,\"sunday\":0},\"user_5\":{\"monday\":0,\"tuesday\":0,\"wednesday\":0,\"thursday\":0,\"friday\":0,\"saturday\":0,\"sunday\":0},\"user_9\":{\"monday\":0,\"tuesday\":0,\"wednesday\":0,\"thursday\":0,\"friday\":0,\"saturday\":0,\"sunday\":0}}
)

REQUEST:
Array
(
    [action] => debug_save_weekends
    [data] => {\"user_11\":{\"monday\":0,\"tuesday\":0,\"wednesday\":0,\"thursday\":0,\"friday\":0,\"saturday\":0,\"sunday\":0},\"user_12\":{\"monday\":0,\"tuesday\":0,\"wednesday\":0,\"thursday\":0,\"friday\":0,\"saturday\":0,\"sunday\":0},\"user_2\":{\"monday\":1,\"tuesday\":1,\"wednesday\":1,\"thursday\":1,\"friday\":0,\"saturday\":0,\"sunday\":0},\"user_20\":{\"monday\":0,\"tuesday\":0,\"wednesday\":0,\"thursday\":0,\"friday\":0,\"saturday\":0,\"sunday\":0},\"user_3\":{\"monday\":0,\"tuesday\":0,\"wednesday\":0,\"thursday\":0,\"friday\":0,\"saturday\":0,\"sunday\":0},\"user_5\":{\"monday\":0,\"tuesday\":0,\"wednesday\":0,\"thursday\":0,\"friday\":0,\"saturday\":0,\"sunday\":0},\"user_9\":{\"monday\":0,\"tuesday\":0,\"wednesday\":0,\"thursday\":0,\"friday\":0,\"saturday\":0,\"sunday\":0}}
)

POST:
Array
(
    [move-from] => 10
    [move-to] => 19
    [dispatcher] => user_11
    [exclude_monday_user_11] => 1
    [exclude_tuesday_user_11] => 1
    [exclude_wednesday_user_11] => 1
    [exclude_friday_user_11] => 1
    [exclude_thursday_user_2] => 1
    [exclude_thursday_user_20] => 1
    [exclude_thursday_user_3] => 1
    [select_project] => Odysseia
    [company_name] => 
    [country] => USA
    [Addr1] => 
    [Addr2] => 
    [City] => 
    [ZipCode] => 
    [FirstName] => 
    [LastName] => 
    [Phone] => 
    [Email] => 
    [MotorCarrNo] => 
    [DotNo] => 
    [set_up] => 
    [set_up_platform] => 
    [factoring_broker] => 
    [notes] => 
    [action] => debug_save_weekends
)

REQUEST:
Array
(
    [move-from] => 10
    [move-to] => 19
    [dispatcher] => user_11
    [exclude_monday_user_11] => 1
    [exclude_tuesday_user_11] => 1
    [exclude_wednesday_user_11] => 1
    [exclude_friday_user_11] => 1
    [exclude_thursday_user_2] => 1
    [exclude_thursday_user_20] => 1
    [exclude_thursday_user_3] => 1
    [select_project] => Odysseia
    [company_name] => 
    [country] => USA
    [Addr1] => 
    [Addr2] => 
    [City] => 
    [ZipCode] => 
    [FirstName] => 
    [LastName] => 
    [Phone] => 
    [Email] => 
    [MotorCarrNo] => 
    [DotNo] => 
    [set_up] => 
    [set_up_platform] => 
    [factoring_broker] => 
    [notes] => 
    [action] => debug_save_weekends
)

POST:
Array
(
    [move-from] => 19
    [move-to] => 10
    [exclude_monday_user_11] => 1
    [exclude_thursday_user_11] => 1
    [exclude_saturday_user_11] => 1
    [dispatcher] => user_20
    [exclude_tuesday_user_20] => 1
    [exclude_wednesday_user_20] => 1
    [exclude_thursday_user_20] => 1
    [exclude_monday_user_3] => 1
    [exclude_friday_user_3] => 1
    [exclude_sunday_user_3] => 1
    [action] => debug_save_weekends
)

REQUEST:
Array
(
    [move-from] => 19
    [move-to] => 10
    [exclude_monday_user_11] => 1
    [exclude_thursday_user_11] => 1
    [exclude_saturday_user_11] => 1
    [dispatcher] => user_20
    [exclude_tuesday_user_20] => 1
    [exclude_wednesday_user_20] => 1
    [exclude_thursday_user_20] => 1
    [exclude_monday_user_3] => 1
    [exclude_friday_user_3] => 1
    [exclude_sunday_user_3] => 1
    [action] => debug_save_weekends
)

